I 2022/08/12 15:16:32 working.go:107: 
      ___                                   ___           ___           ___
     /  /\        ___           ___        /__/\         /  /\         /__/\
    /  /:/_      /  /\         /__/|       \  \:\       /  /::\        \  \:\
   /  /:/ /\    /  /:/        |  |:|        \  \:\     /  /:/\:\        \  \:\
  /  /:/ /::\  /__/::\        |  |:|    ___  \  \:\   /  /:/~/::\   _____\__\:\
 /__/:/ /:/\:\ \__\/\:\__   __|__|:|   /__/\  \__\:\ /__/:/ /:/\:\ /__/::::::::\
 \  \:\/:/~/:/    \  \:\/\ /__/::::\   \  \:\ /  /:/ \  \:\/:/__\/ \  \:\~~\~~\/
  \  \::/ /:/      \__\::/    ~\~~\:\   \  \:\  /:/   \  \::/       \  \:\  ~~~
   \__\/ /:/       /__/:/       \  \:\   \  \:\/:/     \  \:\        \  \:\
     /__/:/        \__\/         \__\/    \  \::/       \  \:\        \  \:\
     \__\/                                 \__\/         \__\/         \__\/
I 2022/08/12 15:16:32 runtime.go:47: kernel is booting:
    * ver [2.1.6]
    * arch [amd64]
    * runtime mode [prod]
    * working directory [E:\software\siyuan\resources]
    * read only [false]
    * container [std]
    * database [ver=20220501]
    * workspace directory [E:\Note\source\_posts\SiYuan, data 20 kB]
I 2022/08/12 15:16:32 conf.go:100: initialized the specified language [zh_CN]
I 2022/08/12 15:16:32 serve.go:78: kernel is booting [http://127.0.0.1:6806]
I 2022/08/12 15:16:32 database.go:85: reinitialized database [E:\Note\source\_posts\SiYuan\temp\siyuan.db]
I 2022/08/12 15:16:32 conf.go:532: database size [4.1 kB], block count [0]
I 2022/08/12 15:16:32 working.go:147: kernel booted
I 2022/08/12 15:16:34 index.go:222: rebuilt database for notebook [20210808180117-czj9bvb] in [0.30s], tree [count=49, size=1.2 MB]
I 2022/08/12 15:16:34 index.go:359: resolved refs [78] in [175ms]
I 2022/08/12 15:19:14 working.go:107: 
      ___                                   ___           ___           ___
     /  /\        ___           ___        /__/\         /  /\         /__/\
    /  /:/_      /  /\         /__/|       \  \:\       /  /::\        \  \:\
   /  /:/ /\    /  /:/        |  |:|        \  \:\     /  /:/\:\        \  \:\
  /  /:/ /::\  /__/::\        |  |:|    ___  \  \:\   /  /:/~/::\   _____\__\:\
 /__/:/ /:/\:\ \__\/\:\__   __|__|:|   /__/\  \__\:\ /__/:/ /:/\:\ /__/::::::::\
 \  \:\/:/~/:/    \  \:\/\ /__/::::\   \  \:\ /  /:/ \  \:\/:/__\/ \  \:\~~\~~\/
  \  \::/ /:/      \__\::/    ~\~~\:\   \  \:\  /:/   \  \::/       \  \:\  ~~~
   \__\/ /:/       /__/:/       \  \:\   \  \:\/:/     \  \:\        \  \:\
     /__/:/        \__\/         \__\/    \  \::/       \  \:\        \  \:\
     \__\/                                 \__\/         \__\/         \__\/
I 2022/08/12 15:19:14 runtime.go:47: kernel is booting:
    * ver [2.1.6]
    * arch [amd64]
    * runtime mode [prod]
    * working directory [E:\software\siyuan\resources]
    * read only [false]
    * container [std]
    * database [ver=20220501]
    * workspace directory [E:\Note\source\_posts\SiYuan, data 3.3 MB]
I 2022/08/12 15:19:14 serve.go:78: kernel is booting [http://127.0.0.1:6806]
I 2022/08/12 15:19:14 conf.go:532: database size [5.6 MB], block count [1965]
I 2022/08/12 15:19:14 working.go:147: kernel booted
I 2022/08/12 15:22:54 index.go:222: rebuilt database for notebook [20220812152254-v2q2izk] in [0.00s], tree [count=0, size=0 B]
I 2022/08/12 15:22:54 index.go:359: resolved refs [0] in [103ms]
